<?xml version="1.0" encoding="UTF-8"?>
<!-- Generated by org.testng.reporters.JUnitXMLReporter -->
<testsuite ignored="0" hostname="Abdulsami_M" failures="0" tests="4" name="Sample Test" time="113.276" errors="0" timestamp="2024-08-13T18:04:32 IST">
  <testcase classname="com.QM.PracticeTestCasesHybridApp.TC_02_Practice" name="EcomappTest2" time="63.253"/>
  <testcase classname="com.QM.PracticeTestCasesHybridApp.PhotosApp_Practice" name="testPhotosApp" time="11.259"/>
  <testcase classname="com.QM.PracticeTestCasesHybridApp.GmailApp_Practice" name="test" time="9.88"/>
  <testcase classname="com.QM.PracticeTestCasesHybridApp.GmailApp_Practice" name="testGmailmail" time="24.569"/>
</testsuite> <!-- Sample Test -->
