<?xml version="1.0" encoding="UTF-8"?>
<testsuite xmlns:xsi="http://www.w3.org/2001/XMLSchema-instance" xsi:noNamespaceSchemaLocation="https://maven.apache.org/surefire/maven-surefire-plugin/xsd/surefire-test-report-3.0.xsd" version="3.0" name="TestSuite" time="114.283" tests="4" errors="0" skipped="0" failures="0">
  <properties>
[...]
</properties>
  <testcase name="EcomappTest2[{name=Shahid, country=Australia, company=Quality Matrix, gender=male, NativeAppContext=NATIVE_APP, WebViewContext=WEBVIEW_com.androidsample.generalstore}](1)" classname="com.QM.PracticeTestCasesHybridApp.TC_02_Practice" time="63.877">
    <system-out><![CDATA[Setting up ExtentReports...
Starting test: EcomappTest2
&amp#27;[38;5;112m[Appium]&amp#27;[0m Welcome to Appium v2.11.2
&amp#27;[38;5;112m[Appium]&amp#27;[0m Non-default server args:
&amp#27;[38;5;112m[Appium]&amp#27;[0m { address: &amp#27;[32m'127.0.0.1'&amp#27;[39m }
&amp#27;[38;5;112m[Appium]&amp#27;[0m The autodetected Appium home path: C:\WINDOWS\system32\config\systemprofile\.appium
&amp#27;[38;5;86m[HTTP]&amp#27;[0m Could not start REST http interface listener. The requested port may already be in use. Please make sure there is no other instance of this server running already.
&amp#27;[38;5;112m[Appium]&amp#27;[0m Could not configure Appium server. It's possible that a driver or plugin tried to update the server and failed. Original error: listen EADDRINUSE: address already in use 127.0.0.1:4723
&amp#27;[38;5;112m[Appium]&amp#27;[0m Error: listen EADDRINUSE: address already in use 127.0.0.1:4723
    at Server.setupListenHandle [as _listen2] (node:net:1898:16)
    at listenInCluster (node:net:1946:12)
    at doListen (node:net:2116:7)
    at processTicksAndRejections (node:internal/process/task_queues:83:21)
NATIVE_APP
WEBVIEW_com.androidsample.generalstore
]]></system-out>
    <system-err><![CDATA[SLF4J(W): No SLF4J providers were found.
SLF4J(W): Defaulting to no-operation (NOP) logger implementation
SLF4J(W): See https://www.slf4j.org/codes.html#noProviders for further details.
]]></system-err>
  </testcase>
  <testcase name="testPhotosApp" classname="com.QM.PracticeTestCasesHybridApp.PhotosApp_Practice" time="12.637">
    <system-out><![CDATA[Starting test: testPhotosApp
Images present Count :6
]]></system-out>
  </testcase>
  <testcase name="test" classname="com.QM.PracticeTestCasesHybridApp.GmailApp_Practice" time="10.314">
    <system-out><![CDATA[Starting test: test
]]></system-out>
  </testcase>
  <testcase name="testGmailmail[{ToEmail=testingemail625@gmail.com, EmailText=Hi Shahid, &#10; &#10; I hope this message finds you well. I am writing to formally request leave from July 6th to July 7th, totaling 2 days.  &#10; &#10;   The reason for this leave is a planned family vacation. I have ensured that all my current tasks are up-to-date, and I am happy to assist in any way to ensure a smooth workflow during my absence. &#10; &#10;  In my absence, Alekhya/Kishore has agreed to cover my responsibilities. I will also be available via email or phone for any urgent matters that may require my attention. &#10; &#10;  Thank you for considering my request. I appreciate your understanding and support. Please let me know if you need any further information or if there are any forms I need to complete. &#10; &#10; Regards &#10; Shahid, Subject=Applying for sick leave - July 6th &amp; 7th}](1)" classname="com.QM.PracticeTestCasesHybridApp.GmailApp_Practice" time="25.957">
    <system-out><![CDATA[Starting test: testGmailmail
]]></system-out>
  </testcase>
</testsuite>